[2025-01-14 12:57:08.741]	local.info	my-gin/main.go:16	log init success!
[2025-01-14 23:24:51.604]	local.info	my-gin/main.go:16	log init success!

2025/01/14 23:24:51 [35m/Users/tianjiangyu/MyStudy/Go-learning/A2-The-Way-To-Gin/code/1-GinåŸºç¡€/1-5-ä»é›¶å°è£…Ginæ¡†æ¶/my-gin/bootstrap/db.go:46
[0m[31m[error] [0mfailed to initialize database, got error dial tcp 127.0.0.1:8306: connect: connection refused
[2025-01-14 23:24:51.605]	local.error	bootstrap/db.go:50	mysql connect failed, err:	{"err": "dial tcp 127.0.0.1:8306: connect: connection refused"}
[2025-01-14 23:27:07.407]	local.info	my-gin/main.go:16	log init success!

2025/01/14 23:27:07 [35m/Users/tianjiangyu/MyStudy/Go-learning/A2-The-Way-To-Gin/code/1-GinåŸºç¡€/1-5-ä»é›¶å°è£…Ginæ¡†æ¶/my-gin/bootstrap/db.go:46
[0m[31m[error] [0mfailed to initialize database, got error dial tcp 127.0.0.1:8306: connect: connection refused
[2025-01-14 23:27:07.408]	local.error	bootstrap/db.go:50	mysql connect failed, err:	{"err": "dial tcp 127.0.0.1:8306: connect: connection refused"}
[2025-01-14 23:27:24.564]	local.info	my-gin/main.go:16	log init success!

2025/01/14 23:27:24 [35m/Users/tianjiangyu/MyStudy/Go-learning/A2-The-Way-To-Gin/code/1-GinåŸºç¡€/1-5-ä»é›¶å°è£…Ginæ¡†æ¶/my-gin/bootstrap/db.go:46
[0m[31m[error] [0mfailed to initialize database, got error Error 1049 (42000): Unknown database 'go-test'
[2025-01-14 23:27:24.566]	local.error	bootstrap/db.go:50	mysql connect failed, err:	{"err": "Error 1049 (42000): Unknown database 'go-test'"}
[2025-01-14 23:29:29.265]	local.info	my-gin/main.go:16	log init success!

2025/01/14 23:29:29 [35m/Users/tianjiangyu/MyStudy/Go-learning/A2-The-Way-To-Gin/code/1-GinåŸºç¡€/1-5-ä»é›¶å°è£…Ginæ¡†æ¶/my-gin/bootstrap/db.go:46
[0m[31m[error] [0mfailed to initialize database, got error Error 1045 (28000): Access denied for user 'root'@'localhost' (using password: YES)
[2025-01-14 23:29:29.267]	local.error	bootstrap/db.go:50	mysql connect failed, err:	{"err": "Error 1045 (28000): Access denied for user 'root'@'localhost' (using password: YES)"}
[2025-01-14 23:37:35.927]	local.info	my-gin/main.go:16	log init success!

2025/01/14 23:37:35 [35m/Users/tianjiangyu/MyStudy/Go-learning/A2-The-Way-To-Gin/code/1-GinåŸºç¡€/1-5-ä»é›¶å°è£…Ginæ¡†æ¶/my-gin/bootstrap/db.go:46
[0m[31m[error] [0mfailed to initialize database, got error Error 1045 (28000): Access denied for user 'root'@'localhost' (using password: YES)
[2025-01-14 23:37:35.929]	local.error	bootstrap/db.go:50	mysql connect failed, err:	{"err": "Error 1045 (28000): Access denied for user 'root'@'localhost' (using password: YES)"}
[2025-01-14 23:39:34.202]	local.info	my-gin/main.go:16	log init success!

2025/01/14 23:39:34 [32m/Users/tianjiangyu/MyStudy/Go-learning/A2-The-Way-To-Gin/code/1-GinåŸºç¡€/1-5-ä»é›¶å°è£…Ginæ¡†æ¶/my-gin/bootstrap/db.go:62
[0m[33m[0.320ms] [34;1m[rows:-][0m SELECT DATABASE()

2025/01/14 23:39:34 [32m/Users/tianjiangyu/MyStudy/Go-learning/A2-The-Way-To-Gin/code/1-GinåŸºç¡€/1-5-ä»é›¶å°è£…Ginæ¡†æ¶/my-gin/bootstrap/db.go:62
[0m[33m[4.090ms] [34;1m[rows:1][0m SELECT SCHEMA_NAME from Information_schema.SCHEMATA where SCHEMA_NAME LIKE 'go-test%' ORDER BY SCHEMA_NAME='go-test' DESC,SCHEMA_NAME limit 1

2025/01/14 23:39:34 [32m/Users/tianjiangyu/MyStudy/Go-learning/A2-The-Way-To-Gin/code/1-GinåŸºç¡€/1-5-ä»é›¶å°è£…Ginæ¡†æ¶/my-gin/bootstrap/db.go:62
[0m[33m[0.628ms] [34;1m[rows:-][0m SELECT count(*) FROM information_schema.tables WHERE table_schema = 'go-test' AND table_name = 'users' AND table_type = 'BASE TABLE'

2025/01/14 23:39:34 [32m/Users/tianjiangyu/MyStudy/Go-learning/A2-The-Way-To-Gin/code/1-GinåŸºç¡€/1-5-ä»é›¶å°è£…Ginæ¡†æ¶/my-gin/bootstrap/db.go:62
[0m[33m[17.138ms] [34;1m[rows:0][0m CREATE TABLE `users` (`id` bigint unsigned AUTO_INCREMENT,`name` varchar(191) NOT NULL COMMENT 'ç”¨æˆ·åç§°',`mobile` varchar(191) NOT NULL COMMENT 'ç”¨æˆ·æ‰‹æœºå·',`password` varchar(191) NOT NULL DEFAULT '' COMMENT 'ç”¨æˆ·å¯†ç ',`created_at` datetime NULL,`updated_at` datetime NULL,`deleted_at` datetime NULL,PRIMARY KEY (`id`),INDEX `idx_users_mobile` (`mobile`),INDEX `idx_users_deleted_at` (`deleted_at`))
[2025-01-14 23:43:34.034]	local.info	my-gin/main.go:16	log init success!

2025/01/14 23:43:34 [32m/Users/tianjiangyu/MyStudy/Go-learning/A2-The-Way-To-Gin/code/1-GinåŸºç¡€/1-5-ä»é›¶å°è£…Ginæ¡†æ¶/my-gin/bootstrap/db.go:62
[0m[33m[0.217ms] [34;1m[rows:-][0m SELECT DATABASE()

2025/01/14 23:43:34 [32m/Users/tianjiangyu/MyStudy/Go-learning/A2-The-Way-To-Gin/code/1-GinåŸºç¡€/1-5-ä»é›¶å°è£…Ginæ¡†æ¶/my-gin/bootstrap/db.go:62
[0m[33m[2.037ms] [34;1m[rows:1][0m SELECT SCHEMA_NAME from Information_schema.SCHEMATA where SCHEMA_NAME LIKE 'go-test%' ORDER BY SCHEMA_NAME='go-test' DESC,SCHEMA_NAME limit 1

2025/01/14 23:43:34 [32m/Users/tianjiangyu/MyStudy/Go-learning/A2-The-Way-To-Gin/code/1-GinåŸºç¡€/1-5-ä»é›¶å°è£…Ginæ¡†æ¶/my-gin/bootstrap/db.go:62
[0m[33m[0.660ms] [34;1m[rows:-][0m SELECT count(*) FROM information_schema.tables WHERE table_schema = 'go-test' AND table_name = 'users' AND table_type = 'BASE TABLE'

2025/01/14 23:43:34 [32m/Users/tianjiangyu/MyStudy/Go-learning/A2-The-Way-To-Gin/code/1-GinåŸºç¡€/1-5-ä»é›¶å°è£…Ginæ¡†æ¶/my-gin/bootstrap/db.go:62
[0m[33m[0.168ms] [34;1m[rows:-][0m SELECT DATABASE()

2025/01/14 23:43:34 [32m/Users/tianjiangyu/MyStudy/Go-learning/A2-The-Way-To-Gin/code/1-GinåŸºç¡€/1-5-ä»é›¶å°è£…Ginæ¡†æ¶/my-gin/bootstrap/db.go:62
[0m[33m[1.480ms] [34;1m[rows:1][0m SELECT SCHEMA_NAME from Information_schema.SCHEMATA where SCHEMA_NAME LIKE 'go-test%' ORDER BY SCHEMA_NAME='go-test' DESC,SCHEMA_NAME limit 1

2025/01/14 23:43:34 [32m/Users/tianjiangyu/MyStudy/Go-learning/A2-The-Way-To-Gin/code/1-GinåŸºç¡€/1-5-ä»é›¶å°è£…Ginæ¡†æ¶/my-gin/bootstrap/db.go:62
[0m[33m[0.850ms] [34;1m[rows:-][0m SELECT * FROM `users` LIMIT 1

2025/01/14 23:43:34 [32m/Users/tianjiangyu/MyStudy/Go-learning/A2-The-Way-To-Gin/code/1-GinåŸºç¡€/1-5-ä»é›¶å°è£…Ginæ¡†æ¶/my-gin/bootstrap/db.go:62
[0m[33m[1.848ms] [34;1m[rows:-][0m SELECT column_name, column_default, is_nullable = 'YES', data_type, character_maximum_length, column_type, column_key, extra, column_comment, numeric_precision, numeric_scale FROM information_schema.columns WHERE table_schema = 'go-test' AND table_name = 'users' ORDER BY ORDINAL_POSITION

2025/01/14 23:43:34 [32m/Users/tianjiangyu/MyStudy/Go-learning/A2-The-Way-To-Gin/code/1-GinåŸºç¡€/1-5-ä»é›¶å°è£…Ginæ¡†æ¶/my-gin/bootstrap/db.go:62
[0m[33m[0.163ms] [34;1m[rows:-][0m SELECT DATABASE()

2025/01/14 23:43:34 [32m/Users/tianjiangyu/MyStudy/Go-learning/A2-The-Way-To-Gin/code/1-GinåŸºç¡€/1-5-ä»é›¶å°è£…Ginæ¡†æ¶/my-gin/bootstrap/db.go:62
[0m[33m[1.014ms] [34;1m[rows:1][0m SELECT SCHEMA_NAME from Information_schema.SCHEMATA where SCHEMA_NAME LIKE 'go-test%' ORDER BY SCHEMA_NAME='go-test' DESC,SCHEMA_NAME limit 1

2025/01/14 23:43:34 [32m/Users/tianjiangyu/MyStudy/Go-learning/A2-The-Way-To-Gin/code/1-GinåŸºç¡€/1-5-ä»é›¶å°è£…Ginæ¡†æ¶/my-gin/bootstrap/db.go:62
[0m[33m[0.431ms] [34;1m[rows:-][0m SELECT count(*) FROM information_schema.statistics WHERE table_schema = 'go-test' AND table_name = 'users' AND index_name = 'idx_users_mobile'

2025/01/14 23:43:34 [32m/Users/tianjiangyu/MyStudy/Go-learning/A2-The-Way-To-Gin/code/1-GinåŸºç¡€/1-5-ä»é›¶å°è£…Ginæ¡†æ¶/my-gin/bootstrap/db.go:62
[0m[33m[0.120ms] [34;1m[rows:-][0m SELECT DATABASE()

2025/01/14 23:43:34 [32m/Users/tianjiangyu/MyStudy/Go-learning/A2-The-Way-To-Gin/code/1-GinåŸºç¡€/1-5-ä»é›¶å°è£…Ginæ¡†æ¶/my-gin/bootstrap/db.go:62
[0m[33m[0.623ms] [34;1m[rows:1][0m SELECT SCHEMA_NAME from Information_schema.SCHEMATA where SCHEMA_NAME LIKE 'go-test%' ORDER BY SCHEMA_NAME='go-test' DESC,SCHEMA_NAME limit 1

2025/01/14 23:43:34 [32m/Users/tianjiangyu/MyStudy/Go-learning/A2-The-Way-To-Gin/code/1-GinåŸºç¡€/1-5-ä»é›¶å°è£…Ginæ¡†æ¶/my-gin/bootstrap/db.go:62
[0m[33m[0.362ms] [34;1m[rows:-][0m SELECT count(*) FROM information_schema.statistics WHERE table_schema = 'go-test' AND table_name = 'users' AND index_name = 'idx_users_deleted_at'
[2025-01-15 17:49:17.992]	local.info	my-gin/main.go:14	log init success!

2025/01/15 17:49:18 [32m/Users/tianjiangyu/MyStudy/Go-learning/A2-The-Way-To-Gin/code/1-GinåŸºç¡€/1-5-ä»é›¶å°è£…Ginæ¡†æ¶/my-gin/bootstrap/db.go:62
[0m[33m[0.722ms] [34;1m[rows:-][0m SELECT DATABASE()

2025/01/15 17:49:18 [32m/Users/tianjiangyu/MyStudy/Go-learning/A2-The-Way-To-Gin/code/1-GinåŸºç¡€/1-5-ä»é›¶å°è£…Ginæ¡†æ¶/my-gin/bootstrap/db.go:62
[0m[33m[15.447ms] [34;1m[rows:1][0m SELECT SCHEMA_NAME from Information_schema.SCHEMATA where SCHEMA_NAME LIKE 'go-test%' ORDER BY SCHEMA_NAME='go-test' DESC,SCHEMA_NAME limit 1

2025/01/15 17:49:18 [32m/Users/tianjiangyu/MyStudy/Go-learning/A2-The-Way-To-Gin/code/1-GinåŸºç¡€/1-5-ä»é›¶å°è£…Ginæ¡†æ¶/my-gin/bootstrap/db.go:62
[0m[33m[2.490ms] [34;1m[rows:-][0m SELECT count(*) FROM information_schema.tables WHERE table_schema = 'go-test' AND table_name = 'users' AND table_type = 'BASE TABLE'

2025/01/15 17:49:18 [32m/Users/tianjiangyu/MyStudy/Go-learning/A2-The-Way-To-Gin/code/1-GinåŸºç¡€/1-5-ä»é›¶å°è£…Ginæ¡†æ¶/my-gin/bootstrap/db.go:62
[0m[33m[0.121ms] [34;1m[rows:-][0m SELECT DATABASE()

2025/01/15 17:49:18 [32m/Users/tianjiangyu/MyStudy/Go-learning/A2-The-Way-To-Gin/code/1-GinåŸºç¡€/1-5-ä»é›¶å°è£…Ginæ¡†æ¶/my-gin/bootstrap/db.go:62
[0m[33m[1.242ms] [34;1m[rows:1][0m SELECT SCHEMA_NAME from Information_schema.SCHEMATA where SCHEMA_NAME LIKE 'go-test%' ORDER BY SCHEMA_NAME='go-test' DESC,SCHEMA_NAME limit 1

2025/01/15 17:49:18 [32m/Users/tianjiangyu/MyStudy/Go-learning/A2-The-Way-To-Gin/code/1-GinåŸºç¡€/1-5-ä»é›¶å°è£…Ginæ¡†æ¶/my-gin/bootstrap/db.go:62
[0m[33m[7.674ms] [34;1m[rows:-][0m SELECT * FROM `users` LIMIT 1

2025/01/15 17:49:18 [32m/Users/tianjiangyu/MyStudy/Go-learning/A2-The-Way-To-Gin/code/1-GinåŸºç¡€/1-5-ä»é›¶å°è£…Ginæ¡†æ¶/my-gin/bootstrap/db.go:62
[0m[33m[3.825ms] [34;1m[rows:-][0m SELECT column_name, column_default, is_nullable = 'YES', data_type, character_maximum_length, column_type, column_key, extra, column_comment, numeric_precision, numeric_scale FROM information_schema.columns WHERE table_schema = 'go-test' AND table_name = 'users' ORDER BY ORDINAL_POSITION

2025/01/15 17:49:18 [32m/Users/tianjiangyu/MyStudy/Go-learning/A2-The-Way-To-Gin/code/1-GinåŸºç¡€/1-5-ä»é›¶å°è£…Ginæ¡†æ¶/my-gin/bootstrap/db.go:62
[0m[33m[0.100ms] [34;1m[rows:-][0m SELECT DATABASE()

2025/01/15 17:49:18 [32m/Users/tianjiangyu/MyStudy/Go-learning/A2-The-Way-To-Gin/code/1-GinåŸºç¡€/1-5-ä»é›¶å°è£…Ginæ¡†æ¶/my-gin/bootstrap/db.go:62
[0m[33m[0.579ms] [34;1m[rows:1][0m SELECT SCHEMA_NAME from Information_schema.SCHEMATA where SCHEMA_NAME LIKE 'go-test%' ORDER BY SCHEMA_NAME='go-test' DESC,SCHEMA_NAME limit 1

2025/01/15 17:49:18 [32m/Users/tianjiangyu/MyStudy/Go-learning/A2-The-Way-To-Gin/code/1-GinåŸºç¡€/1-5-ä»é›¶å°è£…Ginæ¡†æ¶/my-gin/bootstrap/db.go:62
[0m[33m[0.330ms] [34;1m[rows:-][0m SELECT count(*) FROM information_schema.statistics WHERE table_schema = 'go-test' AND table_name = 'users' AND index_name = 'idx_users_mobile'

2025/01/15 17:49:18 [32m/Users/tianjiangyu/MyStudy/Go-learning/A2-The-Way-To-Gin/code/1-GinåŸºç¡€/1-5-ä»é›¶å°è£…Ginæ¡†æ¶/my-gin/bootstrap/db.go:62
[0m[33m[0.085ms] [34;1m[rows:-][0m SELECT DATABASE()

2025/01/15 17:49:18 [32m/Users/tianjiangyu/MyStudy/Go-learning/A2-The-Way-To-Gin/code/1-GinåŸºç¡€/1-5-ä»é›¶å°è£…Ginæ¡†æ¶/my-gin/bootstrap/db.go:62
[0m[33m[0.563ms] [34;1m[rows:1][0m SELECT SCHEMA_NAME from Information_schema.SCHEMATA where SCHEMA_NAME LIKE 'go-test%' ORDER BY SCHEMA_NAME='go-test' DESC,SCHEMA_NAME limit 1

2025/01/15 17:49:18 [32m/Users/tianjiangyu/MyStudy/Go-learning/A2-The-Way-To-Gin/code/1-GinåŸºç¡€/1-5-ä»é›¶å°è£…Ginæ¡†æ¶/my-gin/bootstrap/db.go:62
[0m[33m[0.731ms] [34;1m[rows:-][0m SELECT count(*) FROM information_schema.statistics WHERE table_schema = 'go-test' AND table_name = 'users' AND index_name = 'idx_users_deleted_at'
[2025-01-15 18:14:35.762]	local.info	my-gin/main.go:14	log init success!

2025/01/15 18:14:35 [32m/Users/tianjiangyu/MyStudy/Go-learning/A2-The-Way-To-Gin/code/1-GinåŸºç¡€/1-5-ä»é›¶å°è£…Ginæ¡†æ¶/my-gin/bootstrap/db.go:62
[0m[33m[0.251ms] [34;1m[rows:-][0m SELECT DATABASE()

2025/01/15 18:14:35 [32m/Users/tianjiangyu/MyStudy/Go-learning/A2-The-Way-To-Gin/code/1-GinåŸºç¡€/1-5-ä»é›¶å°è£…Ginæ¡†æ¶/my-gin/bootstrap/db.go:62
[0m[33m[3.134ms] [34;1m[rows:1][0m SELECT SCHEMA_NAME from Information_schema.SCHEMATA where SCHEMA_NAME LIKE 'go-test%' ORDER BY SCHEMA_NAME='go-test' DESC,SCHEMA_NAME limit 1

2025/01/15 18:14:35 [32m/Users/tianjiangyu/MyStudy/Go-learning/A2-The-Way-To-Gin/code/1-GinåŸºç¡€/1-5-ä»é›¶å°è£…Ginæ¡†æ¶/my-gin/bootstrap/db.go:62
[0m[33m[1.364ms] [34;1m[rows:-][0m SELECT count(*) FROM information_schema.tables WHERE table_schema = 'go-test' AND table_name = 'users' AND table_type = 'BASE TABLE'

2025/01/15 18:14:35 [32m/Users/tianjiangyu/MyStudy/Go-learning/A2-The-Way-To-Gin/code/1-GinåŸºç¡€/1-5-ä»é›¶å°è£…Ginæ¡†æ¶/my-gin/bootstrap/db.go:62
[0m[33m[0.076ms] [34;1m[rows:-][0m SELECT DATABASE()

2025/01/15 18:14:35 [32m/Users/tianjiangyu/MyStudy/Go-learning/A2-The-Way-To-Gin/code/1-GinåŸºç¡€/1-5-ä»é›¶å°è£…Ginæ¡†æ¶/my-gin/bootstrap/db.go:62
[0m[33m[0.794ms] [34;1m[rows:1][0m SELECT SCHEMA_NAME from Information_schema.SCHEMATA where SCHEMA_NAME LIKE 'go-test%' ORDER BY SCHEMA_NAME='go-test' DESC,SCHEMA_NAME limit 1

2025/01/15 18:14:35 [32m/Users/tianjiangyu/MyStudy/Go-learning/A2-The-Way-To-Gin/code/1-GinåŸºç¡€/1-5-ä»é›¶å°è£…Ginæ¡†æ¶/my-gin/bootstrap/db.go:62
[0m[33m[1.345ms] [34;1m[rows:-][0m SELECT * FROM `users` LIMIT 1

2025/01/15 18:14:35 [32m/Users/tianjiangyu/MyStudy/Go-learning/A2-The-Way-To-Gin/code/1-GinåŸºç¡€/1-5-ä»é›¶å°è£…Ginæ¡†æ¶/my-gin/bootstrap/db.go:62
[0m[33m[1.962ms] [34;1m[rows:-][0m SELECT column_name, column_default, is_nullable = 'YES', data_type, character_maximum_length, column_type, column_key, extra, column_comment, numeric_precision, numeric_scale FROM information_schema.columns WHERE table_schema = 'go-test' AND table_name = 'users' ORDER BY ORDINAL_POSITION

2025/01/15 18:14:35 [32m/Users/tianjiangyu/MyStudy/Go-learning/A2-The-Way-To-Gin/code/1-GinåŸºç¡€/1-5-ä»é›¶å°è£…Ginæ¡†æ¶/my-gin/bootstrap/db.go:62
[0m[33m[0.186ms] [34;1m[rows:-][0m SELECT DATABASE()

2025/01/15 18:14:35 [32m/Users/tianjiangyu/MyStudy/Go-learning/A2-The-Way-To-Gin/code/1-GinåŸºç¡€/1-5-ä»é›¶å°è£…Ginæ¡†æ¶/my-gin/bootstrap/db.go:62
[0m[33m[0.853ms] [34;1m[rows:1][0m SELECT SCHEMA_NAME from Information_schema.SCHEMATA where SCHEMA_NAME LIKE 'go-test%' ORDER BY SCHEMA_NAME='go-test' DESC,SCHEMA_NAME limit 1

2025/01/15 18:14:35 [32m/Users/tianjiangyu/MyStudy/Go-learning/A2-The-Way-To-Gin/code/1-GinåŸºç¡€/1-5-ä»é›¶å°è£…Ginæ¡†æ¶/my-gin/bootstrap/db.go:62
[0m[33m[0.448ms] [34;1m[rows:-][0m SELECT count(*) FROM information_schema.statistics WHERE table_schema = 'go-test' AND table_name = 'users' AND index_name = 'idx_users_mobile'

2025/01/15 18:14:35 [32m/Users/tianjiangyu/MyStudy/Go-learning/A2-The-Way-To-Gin/code/1-GinåŸºç¡€/1-5-ä»é›¶å°è£…Ginæ¡†æ¶/my-gin/bootstrap/db.go:62
[0m[33m[0.135ms] [34;1m[rows:-][0m SELECT DATABASE()

2025/01/15 18:14:35 [32m/Users/tianjiangyu/MyStudy/Go-learning/A2-The-Way-To-Gin/code/1-GinåŸºç¡€/1-5-ä»é›¶å°è£…Ginæ¡†æ¶/my-gin/bootstrap/db.go:62
[0m[33m[1.243ms] [34;1m[rows:1][0m SELECT SCHEMA_NAME from Information_schema.SCHEMATA where SCHEMA_NAME LIKE 'go-test%' ORDER BY SCHEMA_NAME='go-test' DESC,SCHEMA_NAME limit 1

2025/01/15 18:14:35 [32m/Users/tianjiangyu/MyStudy/Go-learning/A2-The-Way-To-Gin/code/1-GinåŸºç¡€/1-5-ä»é›¶å°è£…Ginæ¡†æ¶/my-gin/bootstrap/db.go:62
[0m[33m[1.042ms] [34;1m[rows:-][0m SELECT count(*) FROM information_schema.statistics WHERE table_schema = 'go-test' AND table_name = 'users' AND index_name = 'idx_users_deleted_at'
[2025-01-15 18:15:02.163]	local.info	my-gin/main.go:14	log init success!

2025/01/15 18:15:02 [32m/Users/tianjiangyu/MyStudy/Go-learning/A2-The-Way-To-Gin/code/1-GinåŸºç¡€/1-5-ä»é›¶å°è£…Ginæ¡†æ¶/my-gin/bootstrap/db.go:62
[0m[33m[0.228ms] [34;1m[rows:-][0m SELECT DATABASE()

2025/01/15 18:15:02 [32m/Users/tianjiangyu/MyStudy/Go-learning/A2-The-Way-To-Gin/code/1-GinåŸºç¡€/1-5-ä»é›¶å°è£…Ginæ¡†æ¶/my-gin/bootstrap/db.go:62
[0m[33m[1.500ms] [34;1m[rows:1][0m SELECT SCHEMA_NAME from Information_schema.SCHEMATA where SCHEMA_NAME LIKE 'go-test%' ORDER BY SCHEMA_NAME='go-test' DESC,SCHEMA_NAME limit 1

2025/01/15 18:15:02 [32m/Users/tianjiangyu/MyStudy/Go-learning/A2-The-Way-To-Gin/code/1-GinåŸºç¡€/1-5-ä»é›¶å°è£…Ginæ¡†æ¶/my-gin/bootstrap/db.go:62
[0m[33m[0.796ms] [34;1m[rows:-][0m SELECT count(*) FROM information_schema.tables WHERE table_schema = 'go-test' AND table_name = 'users' AND table_type = 'BASE TABLE'

2025/01/15 18:15:02 [32m/Users/tianjiangyu/MyStudy/Go-learning/A2-The-Way-To-Gin/code/1-GinåŸºç¡€/1-5-ä»é›¶å°è£…Ginæ¡†æ¶/my-gin/bootstrap/db.go:62
[0m[33m[0.135ms] [34;1m[rows:-][0m SELECT DATABASE()

2025/01/15 18:15:02 [32m/Users/tianjiangyu/MyStudy/Go-learning/A2-The-Way-To-Gin/code/1-GinåŸºç¡€/1-5-ä»é›¶å°è£…Ginæ¡†æ¶/my-gin/bootstrap/db.go:62
[0m[33m[2.242ms] [34;1m[rows:1][0m SELECT SCHEMA_NAME from Information_schema.SCHEMATA where SCHEMA_NAME LIKE 'go-test%' ORDER BY SCHEMA_NAME='go-test' DESC,SCHEMA_NAME limit 1

2025/01/15 18:15:02 [32m/Users/tianjiangyu/MyStudy/Go-learning/A2-The-Way-To-Gin/code/1-GinåŸºç¡€/1-5-ä»é›¶å°è£…Ginæ¡†æ¶/my-gin/bootstrap/db.go:62
[0m[33m[0.863ms] [34;1m[rows:-][0m SELECT * FROM `users` LIMIT 1

2025/01/15 18:15:02 [32m/Users/tianjiangyu/MyStudy/Go-learning/A2-The-Way-To-Gin/code/1-GinåŸºç¡€/1-5-ä»é›¶å°è£…Ginæ¡†æ¶/my-gin/bootstrap/db.go:62
[0m[33m[1.883ms] [34;1m[rows:-][0m SELECT column_name, column_default, is_nullable = 'YES', data_type, character_maximum_length, column_type, column_key, extra, column_comment, numeric_precision, numeric_scale FROM information_schema.columns WHERE table_schema = 'go-test' AND table_name = 'users' ORDER BY ORDINAL_POSITION

2025/01/15 18:15:02 [32m/Users/tianjiangyu/MyStudy/Go-learning/A2-The-Way-To-Gin/code/1-GinåŸºç¡€/1-5-ä»é›¶å°è£…Ginæ¡†æ¶/my-gin/bootstrap/db.go:62
[0m[33m[0.114ms] [34;1m[rows:-][0m SELECT DATABASE()

2025/01/15 18:15:02 [32m/Users/tianjiangyu/MyStudy/Go-learning/A2-The-Way-To-Gin/code/1-GinåŸºç¡€/1-5-ä»é›¶å°è£…Ginæ¡†æ¶/my-gin/bootstrap/db.go:62
[0m[33m[0.959ms] [34;1m[rows:1][0m SELECT SCHEMA_NAME from Information_schema.SCHEMATA where SCHEMA_NAME LIKE 'go-test%' ORDER BY SCHEMA_NAME='go-test' DESC,SCHEMA_NAME limit 1

2025/01/15 18:15:02 [32m/Users/tianjiangyu/MyStudy/Go-learning/A2-The-Way-To-Gin/code/1-GinåŸºç¡€/1-5-ä»é›¶å°è£…Ginæ¡†æ¶/my-gin/bootstrap/db.go:62
[0m[33m[0.429ms] [34;1m[rows:-][0m SELECT count(*) FROM information_schema.statistics WHERE table_schema = 'go-test' AND table_name = 'users' AND index_name = 'idx_users_mobile'

2025/01/15 18:15:02 [32m/Users/tianjiangyu/MyStudy/Go-learning/A2-The-Way-To-Gin/code/1-GinåŸºç¡€/1-5-ä»é›¶å°è£…Ginæ¡†æ¶/my-gin/bootstrap/db.go:62
[0m[33m[0.110ms] [34;1m[rows:-][0m SELECT DATABASE()

2025/01/15 18:15:02 [32m/Users/tianjiangyu/MyStudy/Go-learning/A2-The-Way-To-Gin/code/1-GinåŸºç¡€/1-5-ä»é›¶å°è£…Ginæ¡†æ¶/my-gin/bootstrap/db.go:62
[0m[33m[0.819ms] [34;1m[rows:1][0m SELECT SCHEMA_NAME from Information_schema.SCHEMATA where SCHEMA_NAME LIKE 'go-test%' ORDER BY SCHEMA_NAME='go-test' DESC,SCHEMA_NAME limit 1

2025/01/15 18:15:02 [32m/Users/tianjiangyu/MyStudy/Go-learning/A2-The-Way-To-Gin/code/1-GinåŸºç¡€/1-5-ä»é›¶å°è£…Ginæ¡†æ¶/my-gin/bootstrap/db.go:62
[0m[33m[0.403ms] [34;1m[rows:-][0m SELECT count(*) FROM information_schema.statistics WHERE table_schema = 'go-test' AND table_name = 'users' AND index_name = 'idx_users_deleted_at'
